  Concierto.cpp
C:\Users\hecto\source\repos\Lab8P3_HectorCaceres\Lab8P3_HectorCaceres\Concierto.h(4,12): error C3646: 'nombre_banda': unknown override specifier
C:\Users\hecto\source\repos\Lab8P3_HectorCaceres\Lab8P3_HectorCaceres\Concierto.h(4,24): error C4430: missing type specifier - int assumed. Note: C++ does not support default-int
C:\Users\hecto\source\repos\Lab8P3_HectorCaceres\Lab8P3_HectorCaceres\Concierto.h(6,12): error C3646: 'fecha': unknown override specifier
C:\Users\hecto\source\repos\Lab8P3_HectorCaceres\Lab8P3_HectorCaceres\Concierto.h(6,17): error C4430: missing type specifier - int assumed. Note: C++ does not support default-int
C:\Users\hecto\source\repos\Lab8P3_HectorCaceres\Lab8P3_HectorCaceres\Concierto.h(7,12): error C3646: 'codigo': unknown override specifier
C:\Users\hecto\source\repos\Lab8P3_HectorCaceres\Lab8P3_HectorCaceres\Concierto.h(7,18): error C4430: missing type specifier - int assumed. Note: C++ does not support default-int
C:\Users\hecto\source\repos\Lab8P3_HectorCaceres\Lab8P3_HectorCaceres\Concierto.h(12,15): error C2061: syntax error: identifier 'string'
C:\Users\hecto\source\repos\Lab8P3_HectorCaceres\Lab8P3_HectorCaceres\Concierto.h(13,9): error C2065: 'nombre_banda': undeclared identifier
C:\Users\hecto\source\repos\Lab8P3_HectorCaceres\Lab8P3_HectorCaceres\Concierto.h(13,24): error C2065: 'nombre': undeclared identifier
C:\Users\hecto\source\repos\Lab8P3_HectorCaceres\Lab8P3_HectorCaceres\Concierto.h(14,26): error C2065: 'precio': undeclared identifier
C:\Users\hecto\source\repos\Lab8P3_HectorCaceres\Lab8P3_HectorCaceres\Concierto.h(15,15): error C2039: 'fecha': is not a member of 'Concierto'
C:\Users\hecto\source\repos\Lab8P3_HectorCaceres\Lab8P3_HectorCaceres\Concierto.h(2,7): message : see declaration of 'Concierto'
C:\Users\hecto\source\repos\Lab8P3_HectorCaceres\Lab8P3_HectorCaceres\Concierto.h(15,23): error C2065: 'fecha': undeclared identifier
C:\Users\hecto\source\repos\Lab8P3_HectorCaceres\Lab8P3_HectorCaceres\Concierto.h(16,15): error C2039: 'codigo': is not a member of 'Concierto'
C:\Users\hecto\source\repos\Lab8P3_HectorCaceres\Lab8P3_HectorCaceres\Concierto.h(2,7): message : see declaration of 'Concierto'
C:\Users\hecto\source\repos\Lab8P3_HectorCaceres\Lab8P3_HectorCaceres\Concierto.h(16,24): error C2065: 'codigo': undeclared identifier
C:\Users\hecto\source\repos\Lab8P3_HectorCaceres\Lab8P3_HectorCaceres\Concierto.h(31,9): error C2065: 'ofstream': undeclared identifier
C:\Users\hecto\source\repos\Lab8P3_HectorCaceres\Lab8P3_HectorCaceres\Concierto.h(31,18): error C2146: syntax error: missing ';' before identifier 'archivo'
C:\Users\hecto\source\repos\Lab8P3_HectorCaceres\Lab8P3_HectorCaceres\Concierto.h(31,44): error C2653: 'ios': is not a class or namespace name
C:\Users\hecto\source\repos\Lab8P3_HectorCaceres\Lab8P3_HectorCaceres\Concierto.h(31,49): error C2065: 'app': undeclared identifier
C:\Users\hecto\source\repos\Lab8P3_HectorCaceres\Lab8P3_HectorCaceres\Concierto.h(31,18): error C3861: 'archivo': identifier not found
C:\Users\hecto\source\repos\Lab8P3_HectorCaceres\Lab8P3_HectorCaceres\Concierto.h(32,9): error C2065: 'archivo': undeclared identifier
C:\Users\hecto\source\repos\Lab8P3_HectorCaceres\Lab8P3_HectorCaceres\Concierto.h(32,20): error C2065: 'nombre_banda': undeclared identifier
C:\Users\hecto\source\repos\Lab8P3_HectorCaceres\Lab8P3_HectorCaceres\Concierto.h(32,43): error C2065: 'fixed': undeclared identifier
C:\Users\hecto\source\repos\Lab8P3_HectorCaceres\Lab8P3_HectorCaceres\Concierto.h(32,52): error C3861: 'setprecision': identifier not found
C:\Users\hecto\source\repos\Lab8P3_HectorCaceres\Lab8P3_HectorCaceres\Concierto.h(32,96): error C2065: 'fecha': undeclared identifier
C:\Users\hecto\source\repos\Lab8P3_HectorCaceres\Lab8P3_HectorCaceres\Concierto.h(32,112): error C2065: 'codigo': undeclared identifier
C:\Users\hecto\source\repos\Lab8P3_HectorCaceres\Lab8P3_HectorCaceres\Concierto.h(32,150): error C2065: 'endl': undeclared identifier
C:\Users\hecto\source\repos\Lab8P3_HectorCaceres\Lab8P3_HectorCaceres\Concierto.h(33,9): error C2065: 'archivo': undeclared identifier
  Lab8P3_HectorCaceres.cpp
C:\Users\hecto\source\repos\Lab8P3_HectorCaceres\Lab8P3_HectorCaceres\Concierto.h(4,12): error C3646: 'nombre_banda': unknown override specifier
C:\Users\hecto\source\repos\Lab8P3_HectorCaceres\Lab8P3_HectorCaceres\Concierto.h(4,24): error C4430: missing type specifier - int assumed. Note: C++ does not support default-int
C:\Users\hecto\source\repos\Lab8P3_HectorCaceres\Lab8P3_HectorCaceres\Concierto.h(6,12): error C3646: 'fecha': unknown override specifier
C:\Users\hecto\source\repos\Lab8P3_HectorCaceres\Lab8P3_HectorCaceres\Concierto.h(6,17): error C4430: missing type specifier - int assumed. Note: C++ does not support default-int
C:\Users\hecto\source\repos\Lab8P3_HectorCaceres\Lab8P3_HectorCaceres\Concierto.h(7,12): error C3646: 'codigo': unknown override specifier
C:\Users\hecto\source\repos\Lab8P3_HectorCaceres\Lab8P3_HectorCaceres\Concierto.h(7,18): error C4430: missing type specifier - int assumed. Note: C++ does not support default-int
C:\Users\hecto\source\repos\Lab8P3_HectorCaceres\Lab8P3_HectorCaceres\Concierto.h(12,15): error C2061: syntax error: identifier 'string'
C:\Users\hecto\source\repos\Lab8P3_HectorCaceres\Lab8P3_HectorCaceres\Concierto.h(13,9): error C2065: 'nombre_banda': undeclared identifier
C:\Users\hecto\source\repos\Lab8P3_HectorCaceres\Lab8P3_HectorCaceres\Concierto.h(13,24): error C2065: 'nombre': undeclared identifier
C:\Users\hecto\source\repos\Lab8P3_HectorCaceres\Lab8P3_HectorCaceres\Concierto.h(14,26): error C2065: 'precio': undeclared identifier
C:\Users\hecto\source\repos\Lab8P3_HectorCaceres\Lab8P3_HectorCaceres\Concierto.h(15,15): error C2039: 'fecha': is not a member of 'Concierto'
C:\Users\hecto\source\repos\Lab8P3_HectorCaceres\Lab8P3_HectorCaceres\Concierto.h(2,7): message : see declaration of 'Concierto'
C:\Users\hecto\source\repos\Lab8P3_HectorCaceres\Lab8P3_HectorCaceres\Concierto.h(15,23): error C2065: 'fecha': undeclared identifier
C:\Users\hecto\source\repos\Lab8P3_HectorCaceres\Lab8P3_HectorCaceres\Concierto.h(16,15): error C2039: 'codigo': is not a member of 'Concierto'
C:\Users\hecto\source\repos\Lab8P3_HectorCaceres\Lab8P3_HectorCaceres\Concierto.h(2,7): message : see declaration of 'Concierto'
C:\Users\hecto\source\repos\Lab8P3_HectorCaceres\Lab8P3_HectorCaceres\Concierto.h(16,24): error C2065: 'codigo': undeclared identifier
C:\Users\hecto\source\repos\Lab8P3_HectorCaceres\Lab8P3_HectorCaceres\Concierto.h(31,9): error C2065: 'ofstream': undeclared identifier
C:\Users\hecto\source\repos\Lab8P3_HectorCaceres\Lab8P3_HectorCaceres\Concierto.h(31,18): error C2146: syntax error: missing ';' before identifier 'archivo'
C:\Users\hecto\source\repos\Lab8P3_HectorCaceres\Lab8P3_HectorCaceres\Concierto.h(31,44): error C2653: 'ios': is not a class or namespace name
C:\Users\hecto\source\repos\Lab8P3_HectorCaceres\Lab8P3_HectorCaceres\Concierto.h(31,49): error C2065: 'app': undeclared identifier
C:\Users\hecto\source\repos\Lab8P3_HectorCaceres\Lab8P3_HectorCaceres\Concierto.h(31,18): error C3861: 'archivo': identifier not found
C:\Users\hecto\source\repos\Lab8P3_HectorCaceres\Lab8P3_HectorCaceres\Concierto.h(32,9): error C2065: 'archivo': undeclared identifier
C:\Users\hecto\source\repos\Lab8P3_HectorCaceres\Lab8P3_HectorCaceres\Concierto.h(32,20): error C2065: 'nombre_banda': undeclared identifier
C:\Users\hecto\source\repos\Lab8P3_HectorCaceres\Lab8P3_HectorCaceres\Concierto.h(32,43): error C2065: 'fixed': undeclared identifier
C:\Users\hecto\source\repos\Lab8P3_HectorCaceres\Lab8P3_HectorCaceres\Concierto.h(32,52): error C3861: 'setprecision': identifier not found
C:\Users\hecto\source\repos\Lab8P3_HectorCaceres\Lab8P3_HectorCaceres\Concierto.h(32,96): error C2065: 'fecha': undeclared identifier
C:\Users\hecto\source\repos\Lab8P3_HectorCaceres\Lab8P3_HectorCaceres\Concierto.h(32,112): error C2065: 'codigo': undeclared identifier
C:\Users\hecto\source\repos\Lab8P3_HectorCaceres\Lab8P3_HectorCaceres\Concierto.h(32,150): error C2065: 'endl': undeclared identifier
C:\Users\hecto\source\repos\Lab8P3_HectorCaceres\Lab8P3_HectorCaceres\Concierto.h(33,9): error C2065: 'archivo': undeclared identifier
C:\Users\hecto\source\repos\Lab8P3_HectorCaceres\Lab8P3_HectorCaceres\Lab8P3_HectorCaceres.cpp(12,25): error C2661: 'Concierto::Concierto': no overloaded function takes 4 arguments
C:\Users\hecto\source\repos\Lab8P3_HectorCaceres\Lab8P3_HectorCaceres\Lab8P3_HectorCaceres.cpp(12,25): message : while trying to match the argument list '(const char [7], double, const char [11], const char [7])'
C:\Users\hecto\source\repos\Lab8P3_HectorCaceres\Lab8P3_HectorCaceres\Lab8P3_HectorCaceres.cpp(16,25): error C2661: 'Concierto::Concierto': no overloaded function takes 4 arguments
C:\Users\hecto\source\repos\Lab8P3_HectorCaceres\Lab8P3_HectorCaceres\Lab8P3_HectorCaceres.cpp(16,25): message : while trying to match the argument list '(const char [7], double, const char [11], const char [7])'
  Generating Code...
